<?xml version="1.0" encoding="UTF-8"?>
<!-- Generated by org.testng.reporters.JUnitXMLReporter -->
<testsuite ignored="0" hostname="DESKTOP-BKQF639" failures="1" tests="1" name="Test(failed)" time="79.113" errors="0" timestamp="2025-07-22T23:14:19 IST">
  <testcase classname="testCases.TC001_RegisterUser" name="verify_account_registration" time="27.536">
    <failure type="java.lang.AssertionError" message="Account creation failed due to... expected [true] but found [false]">
      <![CDATA[java.lang.AssertionError: Account creation failed due to... expected [true] but found [false]
at testCases.TC001_RegisterUser.verify_account_registration(TC001_RegisterUser.java:34)
at java.base/java.util.ArrayList.forEach(ArrayList.java:1596)
... Removed 28 stack frames]]>
    </failure>
  </testcase> <!-- verify_account_registration -->
</testsuite> <!-- Test(failed) -->
